[0.651s] Invoking command in '/home/vboxuser/sim_ws/src/f1tenth_gym_ros': PYTHONPATH=/home/vboxuser/sim_ws/build/f1tenth_gym_ros/prefix_override:/usr/lib/python3/dist-packages/colcon_core/task/python/colcon_distutils_commands:/home/vboxuser/sim_ws/install/f1tenth_gym_ros/lib/python3.8/site-packages:${PYTHONPATH} /usr/bin/python3 -W ignore:setup.py install is deprecated -W ignore:easy_install command is deprecated setup.py egg_info --egg-base ../../build/f1tenth_gym_ros build --build-base /home/vboxuser/sim_ws/build/f1tenth_gym_ros/build install --record /home/vboxuser/sim_ws/build/f1tenth_gym_ros/install.log --single-version-externally-managed install_data
[0.830s] running egg_info
[0.830s] creating ../../build/f1tenth_gym_ros/f1tenth_gym_ros.egg-info
[0.830s] writing ../../build/f1tenth_gym_ros/f1tenth_gym_ros.egg-info/PKG-INFO
[0.831s] writing dependency_links to ../../build/f1tenth_gym_ros/f1tenth_gym_ros.egg-info/dependency_links.txt
[0.831s] writing entry points to ../../build/f1tenth_gym_ros/f1tenth_gym_ros.egg-info/entry_points.txt
[0.831s] writing requirements to ../../build/f1tenth_gym_ros/f1tenth_gym_ros.egg-info/requires.txt
[0.831s] writing top-level names to ../../build/f1tenth_gym_ros/f1tenth_gym_ros.egg-info/top_level.txt
[0.833s] writing manifest file '../../build/f1tenth_gym_ros/f1tenth_gym_ros.egg-info/SOURCES.txt'
[0.863s] reading manifest file '../../build/f1tenth_gym_ros/f1tenth_gym_ros.egg-info/SOURCES.txt'
[0.863s] writing manifest file '../../build/f1tenth_gym_ros/f1tenth_gym_ros.egg-info/SOURCES.txt'
[0.863s] running build
[0.863s] running build_py
[0.864s] creating /home/vboxuser/sim_ws/build/f1tenth_gym_ros/build
[0.864s] creating /home/vboxuser/sim_ws/build/f1tenth_gym_ros/build/lib
[0.864s] creating /home/vboxuser/sim_ws/build/f1tenth_gym_ros/build/lib/f1tenth_gym_ros
[0.864s] copying f1tenth_gym_ros/gym_bridge.py -> /home/vboxuser/sim_ws/build/f1tenth_gym_ros/build/lib/f1tenth_gym_ros
[0.864s] copying f1tenth_gym_ros/__init__.py -> /home/vboxuser/sim_ws/build/f1tenth_gym_ros/build/lib/f1tenth_gym_ros
[0.865s] running install
[0.866s] running install_lib
[0.866s] creating /home/vboxuser/sim_ws/install/f1tenth_gym_ros/lib/python3.8/site-packages/f1tenth_gym_ros
[0.866s] copying /home/vboxuser/sim_ws/build/f1tenth_gym_ros/build/lib/f1tenth_gym_ros/gym_bridge.py -> /home/vboxuser/sim_ws/install/f1tenth_gym_ros/lib/python3.8/site-packages/f1tenth_gym_ros
[0.866s] copying /home/vboxuser/sim_ws/build/f1tenth_gym_ros/build/lib/f1tenth_gym_ros/__init__.py -> /home/vboxuser/sim_ws/install/f1tenth_gym_ros/lib/python3.8/site-packages/f1tenth_gym_ros
[0.867s] byte-compiling /home/vboxuser/sim_ws/install/f1tenth_gym_ros/lib/python3.8/site-packages/f1tenth_gym_ros/gym_bridge.py to gym_bridge.cpython-38.pyc
[0.871s] byte-compiling /home/vboxuser/sim_ws/install/f1tenth_gym_ros/lib/python3.8/site-packages/f1tenth_gym_ros/__init__.py to __init__.cpython-38.pyc
[0.871s] running install_data
[0.871s] creating /home/vboxuser/sim_ws/install/f1tenth_gym_ros/share/ament_index
[0.871s] creating /home/vboxuser/sim_ws/install/f1tenth_gym_ros/share/ament_index/resource_index
[0.871s] creating /home/vboxuser/sim_ws/install/f1tenth_gym_ros/share/ament_index/resource_index/packages
[0.871s] copying resource/f1tenth_gym_ros -> /home/vboxuser/sim_ws/install/f1tenth_gym_ros/share/ament_index/resource_index/packages
[0.871s] copying package.xml -> /home/vboxuser/sim_ws/install/f1tenth_gym_ros/share/f1tenth_gym_ros
[0.871s] creating /home/vboxuser/sim_ws/install/f1tenth_gym_ros/share/f1tenth_gym_ros/launch
[0.871s] copying launch/gym_bridge_launch.py -> /home/vboxuser/sim_ws/install/f1tenth_gym_ros/share/f1tenth_gym_ros/launch
[0.871s] copying launch/opp_racecar.xacro -> /home/vboxuser/sim_ws/install/f1tenth_gym_ros/share/f1tenth_gym_ros/launch
[0.872s] copying launch/ego_racecar.xacro -> /home/vboxuser/sim_ws/install/f1tenth_gym_ros/share/f1tenth_gym_ros/launch
[0.872s] copying launch/gym_bridge.rviz -> /home/vboxuser/sim_ws/install/f1tenth_gym_ros/share/f1tenth_gym_ros/launch
[0.872s] creating /home/vboxuser/sim_ws/install/f1tenth_gym_ros/share/f1tenth_gym_ros/config
[0.872s] copying config/sim.yaml -> /home/vboxuser/sim_ws/install/f1tenth_gym_ros/share/f1tenth_gym_ros/config
[0.872s] running install_egg_info
[0.873s] Copying ../../build/f1tenth_gym_ros/f1tenth_gym_ros.egg-info to /home/vboxuser/sim_ws/install/f1tenth_gym_ros/lib/python3.8/site-packages/f1tenth_gym_ros-0.0.0-py3.8.egg-info
[0.874s] running install_scripts
[0.887s] Installing gym_bridge script to /home/vboxuser/sim_ws/install/f1tenth_gym_ros/lib/f1tenth_gym_ros
[0.887s] writing list of installed files to '/home/vboxuser/sim_ws/build/f1tenth_gym_ros/install.log'
[0.907s] Invoked command in '/home/vboxuser/sim_ws/src/f1tenth_gym_ros' returned '0': PYTHONPATH=/home/vboxuser/sim_ws/build/f1tenth_gym_ros/prefix_override:/usr/lib/python3/dist-packages/colcon_core/task/python/colcon_distutils_commands:/home/vboxuser/sim_ws/install/f1tenth_gym_ros/lib/python3.8/site-packages:${PYTHONPATH} /usr/bin/python3 -W ignore:setup.py install is deprecated -W ignore:easy_install command is deprecated setup.py egg_info --egg-base ../../build/f1tenth_gym_ros build --build-base /home/vboxuser/sim_ws/build/f1tenth_gym_ros/build install --record /home/vboxuser/sim_ws/build/f1tenth_gym_ros/install.log --single-version-externally-managed install_data
