[0.554s] Invoking command in '/home/vboxuser/sim_ws/src/f1tenth_gym_ros': PYTHONPATH=/home/vboxuser/sim_ws/build/f1tenth_gym_ros/prefix_override:/usr/lib/python3/dist-packages/colcon_core/task/python/colcon_distutils_commands:/home/vboxuser/sim_ws/install/f1tenth_gym_ros/lib/python3.8/site-packages:${PYTHONPATH} /usr/bin/python3 -W ignore:setup.py install is deprecated -W ignore:easy_install command is deprecated setup.py egg_info --egg-base ../../build/f1tenth_gym_ros build --build-base /home/vboxuser/sim_ws/build/f1tenth_gym_ros/build install --record /home/vboxuser/sim_ws/build/f1tenth_gym_ros/install.log --single-version-externally-managed install_data
[0.750s] running egg_info
[0.750s] writing ../../build/f1tenth_gym_ros/f1tenth_gym_ros.egg-info/PKG-INFO
[0.750s] writing dependency_links to ../../build/f1tenth_gym_ros/f1tenth_gym_ros.egg-info/dependency_links.txt
[0.750s] writing entry points to ../../build/f1tenth_gym_ros/f1tenth_gym_ros.egg-info/entry_points.txt
[0.750s] writing requirements to ../../build/f1tenth_gym_ros/f1tenth_gym_ros.egg-info/requires.txt
[0.750s] writing top-level names to ../../build/f1tenth_gym_ros/f1tenth_gym_ros.egg-info/top_level.txt
[0.775s] reading manifest file '../../build/f1tenth_gym_ros/f1tenth_gym_ros.egg-info/SOURCES.txt'
[0.778s] writing manifest file '../../build/f1tenth_gym_ros/f1tenth_gym_ros.egg-info/SOURCES.txt'
[0.778s] running build
[0.778s] running build_py
[0.779s] running install
[0.781s] running install_lib
[0.782s] running install_data
[0.782s] copying config/sim.yaml -> /home/vboxuser/sim_ws/install/f1tenth_gym_ros/share/f1tenth_gym_ros/config
[0.782s] running install_egg_info
[0.784s] removing '/home/vboxuser/sim_ws/install/f1tenth_gym_ros/lib/python3.8/site-packages/f1tenth_gym_ros-0.0.0-py3.8.egg-info' (and everything under it)
[0.784s] Copying ../../build/f1tenth_gym_ros/f1tenth_gym_ros.egg-info to /home/vboxuser/sim_ws/install/f1tenth_gym_ros/lib/python3.8/site-packages/f1tenth_gym_ros-0.0.0-py3.8.egg-info
[0.785s] running install_scripts
[0.806s] Installing gym_bridge script to /home/vboxuser/sim_ws/install/f1tenth_gym_ros/lib/f1tenth_gym_ros
[0.815s] writing list of installed files to '/home/vboxuser/sim_ws/build/f1tenth_gym_ros/install.log'
[0.839s] Invoked command in '/home/vboxuser/sim_ws/src/f1tenth_gym_ros' returned '0': PYTHONPATH=/home/vboxuser/sim_ws/build/f1tenth_gym_ros/prefix_override:/usr/lib/python3/dist-packages/colcon_core/task/python/colcon_distutils_commands:/home/vboxuser/sim_ws/install/f1tenth_gym_ros/lib/python3.8/site-packages:${PYTHONPATH} /usr/bin/python3 -W ignore:setup.py install is deprecated -W ignore:easy_install command is deprecated setup.py egg_info --egg-base ../../build/f1tenth_gym_ros build --build-base /home/vboxuser/sim_ws/build/f1tenth_gym_ros/build install --record /home/vboxuser/sim_ws/build/f1tenth_gym_ros/install.log --single-version-externally-managed install_data
