[0.841s] Invoking command in '/home/vboxuser/sim_ws/src/f1tenth_gym_ros': PYTHONPATH=/home/vboxuser/sim_ws/build/f1tenth_gym_ros/prefix_override:/usr/lib/python3/dist-packages/colcon_core/task/python/colcon_distutils_commands:/home/vboxuser/sim_ws/install/f1tenth_gym_ros/lib/python3.8/site-packages:${PYTHONPATH} /usr/bin/python3 -W ignore:setup.py install is deprecated -W ignore:easy_install command is deprecated setup.py egg_info --egg-base ../../build/f1tenth_gym_ros build --build-base /home/vboxuser/sim_ws/build/f1tenth_gym_ros/build install --record /home/vboxuser/sim_ws/build/f1tenth_gym_ros/install.log --single-version-externally-managed install_data
[1.055s] running egg_info
[1.056s] writing ../../build/f1tenth_gym_ros/f1tenth_gym_ros.egg-info/PKG-INFO
[1.057s] writing dependency_links to ../../build/f1tenth_gym_ros/f1tenth_gym_ros.egg-info/dependency_links.txt
[1.058s] writing entry points to ../../build/f1tenth_gym_ros/f1tenth_gym_ros.egg-info/entry_points.txt
[1.064s] writing requirements to ../../build/f1tenth_gym_ros/f1tenth_gym_ros.egg-info/requires.txt
[1.098s] writing top-level names to ../../build/f1tenth_gym_ros/f1tenth_gym_ros.egg-info/top_level.txt
[1.123s] reading manifest file '../../build/f1tenth_gym_ros/f1tenth_gym_ros.egg-info/SOURCES.txt'
[1.124s] writing manifest file '../../build/f1tenth_gym_ros/f1tenth_gym_ros.egg-info/SOURCES.txt'
[1.125s] running build
[1.125s] running build_py
[1.125s] running install
[1.126s] running install_lib
[1.130s] running install_data
[1.131s] copying config/sim.yaml -> /home/vboxuser/sim_ws/install/f1tenth_gym_ros/share/f1tenth_gym_ros/config
[1.131s] running install_egg_info
[1.135s] removing '/home/vboxuser/sim_ws/install/f1tenth_gym_ros/lib/python3.8/site-packages/f1tenth_gym_ros-0.0.0-py3.8.egg-info' (and everything under it)
[1.136s] Copying ../../build/f1tenth_gym_ros/f1tenth_gym_ros.egg-info to /home/vboxuser/sim_ws/install/f1tenth_gym_ros/lib/python3.8/site-packages/f1tenth_gym_ros-0.0.0-py3.8.egg-info
[1.137s] running install_scripts
[1.153s] Installing gym_bridge script to /home/vboxuser/sim_ws/install/f1tenth_gym_ros/lib/f1tenth_gym_ros
[1.154s] writing list of installed files to '/home/vboxuser/sim_ws/build/f1tenth_gym_ros/install.log'
[1.183s] Invoked command in '/home/vboxuser/sim_ws/src/f1tenth_gym_ros' returned '0': PYTHONPATH=/home/vboxuser/sim_ws/build/f1tenth_gym_ros/prefix_override:/usr/lib/python3/dist-packages/colcon_core/task/python/colcon_distutils_commands:/home/vboxuser/sim_ws/install/f1tenth_gym_ros/lib/python3.8/site-packages:${PYTHONPATH} /usr/bin/python3 -W ignore:setup.py install is deprecated -W ignore:easy_install command is deprecated setup.py egg_info --egg-base ../../build/f1tenth_gym_ros build --build-base /home/vboxuser/sim_ws/build/f1tenth_gym_ros/build install --record /home/vboxuser/sim_ws/build/f1tenth_gym_ros/install.log --single-version-externally-managed install_data
