[0.584s] Invoking command in '/home/vboxuser/sim_ws/src/f1tenth_gym_ros': PYTHONPATH=/home/vboxuser/sim_ws/build/f1tenth_gym_ros/prefix_override:/usr/lib/python3/dist-packages/colcon_core/task/python/colcon_distutils_commands:/home/vboxuser/sim_ws/install/f1tenth_gym_ros/lib/python3.8/site-packages:${PYTHONPATH} /usr/bin/python3 -W ignore:setup.py install is deprecated -W ignore:easy_install command is deprecated setup.py egg_info --egg-base ../../build/f1tenth_gym_ros build --build-base /home/vboxuser/sim_ws/build/f1tenth_gym_ros/build install --record /home/vboxuser/sim_ws/build/f1tenth_gym_ros/install.log --single-version-externally-managed install_data
[0.762s] running egg_info
[0.765s] writing ../../build/f1tenth_gym_ros/f1tenth_gym_ros.egg-info/PKG-INFO
[0.765s] writing dependency_links to ../../build/f1tenth_gym_ros/f1tenth_gym_ros.egg-info/dependency_links.txt
[0.767s] writing entry points to ../../build/f1tenth_gym_ros/f1tenth_gym_ros.egg-info/entry_points.txt
[0.767s] writing requirements to ../../build/f1tenth_gym_ros/f1tenth_gym_ros.egg-info/requires.txt
[0.768s] writing top-level names to ../../build/f1tenth_gym_ros/f1tenth_gym_ros.egg-info/top_level.txt
[0.797s] reading manifest file '../../build/f1tenth_gym_ros/f1tenth_gym_ros.egg-info/SOURCES.txt'
[0.798s] writing manifest file '../../build/f1tenth_gym_ros/f1tenth_gym_ros.egg-info/SOURCES.txt'
[0.798s] running build
[0.798s] running build_py
[0.798s] running install
[0.799s] running install_lib
[0.800s] running install_data
[0.800s] running install_egg_info
[0.802s] removing '/home/vboxuser/sim_ws/install/f1tenth_gym_ros/lib/python3.8/site-packages/f1tenth_gym_ros-0.0.0-py3.8.egg-info' (and everything under it)
[0.802s] Copying ../../build/f1tenth_gym_ros/f1tenth_gym_ros.egg-info to /home/vboxuser/sim_ws/install/f1tenth_gym_ros/lib/python3.8/site-packages/f1tenth_gym_ros-0.0.0-py3.8.egg-info
[0.803s] running install_scripts
[0.818s] Installing gym_bridge script to /home/vboxuser/sim_ws/install/f1tenth_gym_ros/lib/f1tenth_gym_ros
[0.819s] writing list of installed files to '/home/vboxuser/sim_ws/build/f1tenth_gym_ros/install.log'
[0.837s] Invoked command in '/home/vboxuser/sim_ws/src/f1tenth_gym_ros' returned '0': PYTHONPATH=/home/vboxuser/sim_ws/build/f1tenth_gym_ros/prefix_override:/usr/lib/python3/dist-packages/colcon_core/task/python/colcon_distutils_commands:/home/vboxuser/sim_ws/install/f1tenth_gym_ros/lib/python3.8/site-packages:${PYTHONPATH} /usr/bin/python3 -W ignore:setup.py install is deprecated -W ignore:easy_install command is deprecated setup.py egg_info --egg-base ../../build/f1tenth_gym_ros build --build-base /home/vboxuser/sim_ws/build/f1tenth_gym_ros/build install --record /home/vboxuser/sim_ws/build/f1tenth_gym_ros/install.log --single-version-externally-managed install_data
